<?xml version="1.0" encoding="UTF-8"?>
<!-- Generated by org.testng.reporters.JUnitReportReporter -->
<testsuite hostname="DESKTOP-G5LBOAV" failures="0" tests="1" name="MyFirstMavenProject.seleium1Test" time="0.000" errors="0" timestamp="14 Jan 2019 04:21:17 GMT" skipped="0">
  <testcase classname="MyFirstMavenProject.seleium1Test" name="ShowFrist" time="0.000"/>
</testsuite> <!-- MyFirstMavenProject.seleium1Test -->
