<?xml version="1.0" encoding="UTF-8"?>
<!-- Generated by org.testng.reporters.JUnitReportReporter -->
<testsuite hostname="DESKTOP-G5LBOAV" failures="0" tests="1" name="MyFirstMavenProject.italyTest" time="0.011" errors="0" timestamp="14 Jan 2019 05:02:42 GMT" skipped="0">
  <testcase classname="MyFirstMavenProject.italyTest" name="Showsecond" time="0.011"/>
</testsuite> <!-- MyFirstMavenProject.italyTest -->
