<?xml version="1.0" encoding="UTF-8"?>
<!-- Generated by org.testng.reporters.JUnitReportReporter -->
<testsuite hostname="DESKTOP-G5LBOAV" failures="0" tests="1" name="MyFirstMavenProject.CrtTest" time="0.015" errors="0" timestamp="14 Jan 2019 04:25:09 GMT" skipped="0">
  <testcase classname="MyFirstMavenProject.CrtTest" name="ShowFrist" time="0.015"/>
</testsuite> <!-- MyFirstMavenProject.CrtTest -->
